<p>
〖引 言〗
</p>
<p>
海雨天风育妙香，功同犀角性寒凉。
</p>
<p>
蓝姑济世传佳话，赢得苍生寿且康。
</p>
<p>
〖焚 香〗
</p>
<p>
凝神静气意通灵，天籁悠扬喜共听。
</p>
<p>
一炷心香同默祷，感恩先圣著茶经。
</p>
<p>
〖鉴 茶〗
</p>
<p>
芽头肥壮好茶针，素洁如银贵比金。
</p>
<p>
本色天然精采制，纤尘不染鉴其心。
</p>
<p>
〖用 水〗
</p>
<p>
鸿雪洞中生乳泉，千秋不竭尚涓涓。
</p>
<p>
贮之玉瓮何甘冽，好煮香芽献众仙。
</p>
<p>
〖温 杯〗
</p>
<p>
琉璃杯具映星眸，皎洁晶莹美尽收。
</p>
<p>
洗涤加温心益细，流云拂月自轻柔。
</p>
<p>
〖投 茶〗
</p>
<p>
仙芽拨动巧分香，玉指纤纤引兴长。
</p>
<p>
浓淡因人虽有别，知多知少不心慌。
</p>
<p>
〖匀 香〗
</p>
<p>
芽毫浸润故山泉，妙手匀香一笑妍。
</p>
<p>
慢转轻摇会心处，清眸如水证前缘。
</p>
<p>
〖赏 茶〗
</p>
<p>
晴空飞瀑散幽香，舞动灵芽韵味长。
</p>
<p>
宛见仙娥天上降，婷婷玉立水中央。
</p>
<p>
〖奉 茶〗
</p>
<p>
太姥山中出白茶，一杯在手远浮华。
</p>
<p>
愿君从此心田润，日日都开幸福花。
</p>
<p>
〖品 茶〗
</p>
<p>
拂面春风笑靥开，味同甘露润灵台。
</p>
<p>
名山有约茶缘在，一往情深等你来。
</p>
